2025-01-12 14:40:17,414 [INFO] Starting performance test - creating 100 messages
2025-01-12 14:40:17,603 [INFO] Message 1/100 created in 0.189 seconds
2025-01-12 14:40:17,784 [INFO] Message 2/100 created in 0.181 seconds
2025-01-12 14:40:17,949 [INFO] Message 3/100 created in 0.165 seconds
2025-01-12 14:40:18,113 [INFO] Message 4/100 created in 0.164 seconds
2025-01-12 14:40:18,281 [INFO] Message 5/100 created in 0.168 seconds
2025-01-12 14:40:18,448 [INFO] Message 6/100 created in 0.167 seconds
2025-01-12 14:40:18,620 [INFO] Message 7/100 created in 0.172 seconds
2025-01-12 14:40:18,805 [INFO] Message 8/100 created in 0.185 seconds
2025-01-12 14:40:19,181 [INFO] Message 9/100 created in 0.375 seconds
2025-01-12 14:40:19,355 [INFO] Message 10/100 created in 0.174 seconds
2025-01-12 14:40:19,530 [INFO] Message 11/100 created in 0.175 seconds
2025-01-12 14:40:19,705 [INFO] Message 12/100 created in 0.174 seconds
2025-01-12 14:40:19,874 [INFO] Message 13/100 created in 0.169 seconds
2025-01-12 14:40:20,046 [INFO] Message 14/100 created in 0.171 seconds
2025-01-12 14:40:20,235 [INFO] Message 15/100 created in 0.189 seconds
2025-01-12 14:40:20,401 [INFO] Message 16/100 created in 0.166 seconds
2025-01-12 14:40:20,583 [INFO] Message 17/100 created in 0.181 seconds
2025-01-12 14:40:20,748 [INFO] Message 18/100 created in 0.165 seconds
2025-01-12 14:40:20,922 [INFO] Message 19/100 created in 0.174 seconds
2025-01-12 14:40:21,093 [INFO] Message 20/100 created in 0.171 seconds
2025-01-12 14:40:21,263 [INFO] Message 21/100 created in 0.170 seconds
2025-01-12 14:40:21,429 [INFO] Message 22/100 created in 0.166 seconds
2025-01-12 14:40:21,597 [INFO] Message 23/100 created in 0.167 seconds
2025-01-12 14:40:21,779 [INFO] Message 24/100 created in 0.182 seconds
2025-01-12 14:40:21,947 [INFO] Message 25/100 created in 0.168 seconds
2025-01-12 14:40:22,129 [INFO] Message 26/100 created in 0.182 seconds
2025-01-12 14:40:22,302 [INFO] Message 27/100 created in 0.173 seconds
2025-01-12 14:40:22,462 [INFO] Message 28/100 created in 0.159 seconds
2025-01-12 14:40:22,714 [INFO] Message 29/100 created in 0.252 seconds
2025-01-12 14:40:22,950 [INFO] Message 30/100 created in 0.235 seconds
2025-01-12 14:40:23,132 [INFO] Message 31/100 created in 0.182 seconds
2025-01-12 14:40:23,296 [INFO] Message 32/100 created in 0.164 seconds
2025-01-12 14:40:23,470 [INFO] Message 33/100 created in 0.174 seconds
2025-01-12 14:40:23,661 [INFO] Message 34/100 created in 0.190 seconds
2025-01-12 14:40:23,832 [INFO] Message 35/100 created in 0.171 seconds
2025-01-12 14:40:24,006 [INFO] Message 36/100 created in 0.173 seconds
2025-01-12 14:40:24,180 [INFO] Message 37/100 created in 0.173 seconds
2025-01-12 14:40:24,351 [INFO] Message 38/100 created in 0.171 seconds
2025-01-12 14:40:24,533 [INFO] Message 39/100 created in 0.182 seconds
2025-01-12 14:40:24,703 [INFO] Message 40/100 created in 0.170 seconds
2025-01-12 14:40:24,867 [INFO] Message 41/100 created in 0.163 seconds
2025-01-12 14:40:25,036 [INFO] Message 42/100 created in 0.168 seconds
2025-01-12 14:40:25,205 [INFO] Message 43/100 created in 0.169 seconds
2025-01-12 14:40:25,379 [INFO] Message 44/100 created in 0.174 seconds
2025-01-12 14:40:25,572 [INFO] Message 45/100 created in 0.193 seconds
2025-01-12 14:40:25,748 [INFO] Message 46/100 created in 0.175 seconds
2025-01-12 14:40:25,928 [INFO] Message 47/100 created in 0.180 seconds
2025-01-12 14:40:26,099 [INFO] Message 48/100 created in 0.170 seconds
2025-01-12 14:40:26,296 [INFO] Message 49/100 created in 0.197 seconds
2025-01-12 14:40:26,465 [INFO] Message 50/100 created in 0.169 seconds
2025-01-12 14:40:26,647 [INFO] Message 51/100 created in 0.182 seconds
2025-01-12 14:40:26,837 [INFO] Message 52/100 created in 0.190 seconds
2025-01-12 14:40:27,003 [INFO] Message 53/100 created in 0.166 seconds
2025-01-12 14:40:27,195 [INFO] Message 54/100 created in 0.192 seconds
2025-01-12 14:40:27,369 [INFO] Message 55/100 created in 0.173 seconds
2025-01-12 14:40:27,549 [INFO] Message 56/100 created in 0.179 seconds
2025-01-12 14:40:27,722 [INFO] Message 57/100 created in 0.173 seconds
2025-01-12 14:40:27,892 [INFO] Message 58/100 created in 0.169 seconds
2025-01-12 14:40:28,061 [INFO] Message 59/100 created in 0.169 seconds
2025-01-12 14:40:28,234 [INFO] Message 60/100 created in 0.173 seconds
2025-01-12 14:40:28,400 [INFO] Message 61/100 created in 0.165 seconds
2025-01-12 14:40:28,584 [INFO] Message 62/100 created in 0.185 seconds
2025-01-12 14:40:28,822 [INFO] Message 63/100 created in 0.237 seconds
2025-01-12 14:40:29,005 [INFO] Message 64/100 created in 0.183 seconds
2025-01-12 14:40:29,197 [INFO] Message 65/100 created in 0.191 seconds
2025-01-12 14:40:29,372 [INFO] Message 66/100 created in 0.170 seconds
2025-01-12 14:40:29,563 [INFO] Message 67/100 created in 0.190 seconds
2025-01-12 14:40:29,744 [INFO] Message 68/100 created in 0.180 seconds
2025-01-12 14:40:29,911 [INFO] Message 69/100 created in 0.166 seconds
2025-01-12 14:40:30,087 [INFO] Message 70/100 created in 0.176 seconds
2025-01-12 14:40:30,244 [INFO] Message 71/100 created in 0.157 seconds
2025-01-12 14:40:30,428 [INFO] Message 72/100 created in 0.184 seconds
2025-01-12 14:40:30,608 [INFO] Message 73/100 created in 0.179 seconds
2025-01-12 14:40:30,788 [INFO] Message 74/100 created in 0.180 seconds
2025-01-12 14:40:30,947 [INFO] Message 75/100 created in 0.159 seconds
2025-01-12 14:40:31,136 [INFO] Message 76/100 created in 0.189 seconds
2025-01-12 14:40:31,301 [INFO] Message 77/100 created in 0.165 seconds
2025-01-12 14:40:31,472 [INFO] Message 78/100 created in 0.171 seconds
2025-01-12 14:40:31,648 [INFO] Message 79/100 created in 0.175 seconds
2025-01-12 14:40:31,819 [INFO] Message 80/100 created in 0.171 seconds
2025-01-12 14:40:32,003 [INFO] Message 81/100 created in 0.184 seconds
2025-01-12 14:40:32,169 [INFO] Message 82/100 created in 0.165 seconds
2025-01-12 14:40:32,347 [INFO] Message 83/100 created in 0.177 seconds
2025-01-12 14:40:32,516 [INFO] Message 84/100 created in 0.168 seconds
2025-01-12 14:40:32,690 [INFO] Message 85/100 created in 0.173 seconds
2025-01-12 14:40:32,877 [INFO] Message 86/100 created in 0.185 seconds
2025-01-12 14:40:33,105 [INFO] Message 87/100 created in 0.228 seconds
2025-01-12 14:40:33,282 [INFO] Message 88/100 created in 0.176 seconds
2025-01-12 14:40:33,454 [INFO] Message 89/100 created in 0.165 seconds
2025-01-12 14:40:33,624 [INFO] Message 90/100 created in 0.169 seconds
2025-01-12 14:40:33,852 [INFO] Message 91/100 created in 0.228 seconds
2025-01-12 14:40:34,020 [INFO] Message 92/100 created in 0.168 seconds
2025-01-12 14:40:34,200 [INFO] Message 93/100 created in 0.179 seconds
2025-01-12 14:40:34,364 [INFO] Message 94/100 created in 0.164 seconds
2025-01-12 14:40:34,527 [INFO] Message 95/100 created in 0.163 seconds
2025-01-12 14:40:34,780 [INFO] Message 96/100 created in 0.252 seconds
2025-01-12 14:40:34,998 [INFO] Message 97/100 created in 0.218 seconds
2025-01-12 14:40:35,161 [INFO] Message 98/100 created in 0.162 seconds
2025-01-12 14:40:35,333 [INFO] Message 99/100 created in 0.172 seconds
2025-01-12 14:40:35,499 [INFO] Message 100/100 created in 0.165 seconds
2025-01-12 14:40:35,499 [INFO] Performance Test Results:
2025-01-12 14:40:35,499 [INFO] Total messages created: 100
2025-01-12 14:40:35,499 [INFO] Average creation time: 0.180 seconds
2025-01-12 14:40:35,499 [INFO] Minimum creation time: 0.157 seconds
2025-01-12 14:40:35,499 [INFO] Maximum creation time: 0.375 seconds
2025-01-12 14:40:35,499 [INFO] Messages per second: 5.54
2025-01-12 14:46:09,185 [INFO] Starting performance test - creating 100 messages
2025-01-12 14:46:09,366 [INFO] Message 1/100 created in 0.181 seconds
2025-01-12 14:46:09,536 [INFO] Message 2/100 created in 0.170 seconds
2025-01-12 14:46:09,703 [INFO] Message 3/100 created in 0.166 seconds
2025-01-12 14:46:09,875 [INFO] Message 4/100 created in 0.172 seconds
2025-01-12 14:46:10,039 [INFO] Message 5/100 created in 0.164 seconds
2025-01-12 14:46:10,202 [INFO] Message 6/100 created in 0.163 seconds
2025-01-12 14:46:10,374 [INFO] Message 7/100 created in 0.171 seconds
2025-01-12 14:46:10,567 [INFO] Message 8/100 created in 0.192 seconds
2025-01-12 14:46:10,843 [INFO] Message 9/100 created in 0.276 seconds
2025-01-12 14:46:11,013 [INFO] Message 10/100 created in 0.168 seconds
2025-01-12 14:46:11,192 [INFO] Message 11/100 created in 0.179 seconds
2025-01-12 14:46:11,368 [INFO] Message 12/100 created in 0.175 seconds
2025-01-12 14:46:11,546 [INFO] Message 13/100 created in 0.178 seconds
2025-01-12 14:46:11,776 [INFO] Message 14/100 created in 0.230 seconds
2025-01-12 14:46:11,940 [INFO] Message 15/100 created in 0.163 seconds
2025-01-12 14:46:12,118 [INFO] Message 16/100 created in 0.178 seconds
2025-01-12 14:46:12,289 [INFO] Message 17/100 created in 0.171 seconds
2025-01-12 14:46:12,473 [INFO] Message 18/100 created in 0.183 seconds
2025-01-12 14:46:12,661 [INFO] Message 19/100 created in 0.187 seconds
2025-01-12 14:46:12,834 [INFO] Message 20/100 created in 0.173 seconds
2025-01-12 14:46:13,024 [INFO] Message 21/100 created in 0.189 seconds
2025-01-12 14:46:13,202 [INFO] Message 22/100 created in 0.178 seconds
2025-01-12 14:46:13,385 [INFO] Message 23/100 created in 0.183 seconds
2025-01-12 14:46:13,563 [INFO] Message 24/100 created in 0.177 seconds
2025-01-12 14:46:13,731 [INFO] Message 25/100 created in 0.168 seconds
2025-01-12 14:46:13,899 [INFO] Message 26/100 created in 0.167 seconds
2025-01-12 14:46:14,070 [INFO] Message 27/100 created in 0.172 seconds
2025-01-12 14:46:14,301 [INFO] Message 28/100 created in 0.230 seconds
2025-01-12 14:46:14,470 [INFO] Message 29/100 created in 0.169 seconds
2025-01-12 14:46:14,645 [INFO] Message 30/100 created in 0.174 seconds
2025-01-12 14:46:14,815 [INFO] Message 31/100 created in 0.170 seconds
2025-01-12 14:46:15,001 [INFO] Message 32/100 created in 0.185 seconds
2025-01-12 14:46:15,187 [INFO] Message 33/100 created in 0.186 seconds
2025-01-12 14:46:15,353 [INFO] Message 34/100 created in 0.166 seconds
2025-01-12 14:46:15,531 [INFO] Message 35/100 created in 0.177 seconds
2025-01-12 14:46:15,710 [INFO] Message 36/100 created in 0.179 seconds
2025-01-12 14:46:15,884 [INFO] Message 37/100 created in 0.173 seconds
2025-01-12 14:46:16,059 [INFO] Message 38/100 created in 0.175 seconds
2025-01-12 14:46:16,236 [INFO] Message 39/100 created in 0.177 seconds
2025-01-12 14:46:16,394 [INFO] Message 40/100 created in 0.158 seconds
2025-01-12 14:46:16,583 [INFO] Message 41/100 created in 0.188 seconds
2025-01-12 14:46:16,851 [INFO] Message 42/100 created in 0.268 seconds
2025-01-12 14:46:17,038 [INFO] Message 43/100 created in 0.186 seconds
2025-01-12 14:46:17,216 [INFO] Message 44/100 created in 0.178 seconds
2025-01-12 14:46:17,401 [INFO] Message 45/100 created in 0.184 seconds
2025-01-12 14:46:17,577 [INFO] Message 46/100 created in 0.176 seconds
2025-01-12 14:46:17,744 [INFO] Message 47/100 created in 0.167 seconds
2025-01-12 14:46:17,923 [INFO] Message 48/100 created in 0.173 seconds
2025-01-12 14:46:18,097 [INFO] Message 49/100 created in 0.173 seconds
2025-01-12 14:46:18,276 [INFO] Message 50/100 created in 0.179 seconds
2025-01-12 14:46:18,448 [INFO] Message 51/100 created in 0.171 seconds
2025-01-12 14:46:18,622 [INFO] Message 52/100 created in 0.173 seconds
2025-01-12 14:46:18,809 [INFO] Message 53/100 created in 0.187 seconds
2025-01-12 14:46:18,989 [INFO] Message 54/100 created in 0.180 seconds
2025-01-12 14:46:19,154 [INFO] Message 55/100 created in 0.164 seconds
2025-01-12 14:46:19,386 [INFO] Message 56/100 created in 0.232 seconds
2025-01-12 14:46:19,559 [INFO] Message 57/100 created in 0.171 seconds
2025-01-12 14:46:19,728 [INFO] Message 58/100 created in 0.168 seconds
2025-01-12 14:46:19,891 [INFO] Message 59/100 created in 0.163 seconds
2025-01-12 14:46:20,065 [INFO] Message 60/100 created in 0.173 seconds
2025-01-12 14:46:20,232 [INFO] Message 61/100 created in 0.167 seconds
2025-01-12 14:46:20,416 [INFO] Message 62/100 created in 0.183 seconds
2025-01-12 14:46:20,588 [INFO] Message 63/100 created in 0.172 seconds
2025-01-12 14:46:20,778 [INFO] Message 64/100 created in 0.189 seconds
2025-01-12 14:46:20,956 [INFO] Message 65/100 created in 0.178 seconds
2025-01-12 14:46:21,145 [INFO] Message 66/100 created in 0.188 seconds
2025-01-12 14:46:21,316 [INFO] Message 67/100 created in 0.170 seconds
2025-01-12 14:46:21,488 [INFO] Message 68/100 created in 0.172 seconds
2025-01-12 14:46:21,665 [INFO] Message 69/100 created in 0.176 seconds
2025-01-12 14:46:21,848 [INFO] Message 70/100 created in 0.183 seconds
2025-01-12 14:46:22,019 [INFO] Message 71/100 created in 0.170 seconds
2025-01-12 14:46:22,201 [INFO] Message 72/100 created in 0.181 seconds
2025-01-12 14:46:22,449 [INFO] Message 73/100 created in 0.248 seconds
2025-01-12 14:46:22,665 [INFO] Message 74/100 created in 0.215 seconds
2025-01-12 14:46:22,885 [INFO] Message 75/100 created in 0.220 seconds
2025-01-12 14:46:23,076 [INFO] Message 76/100 created in 0.191 seconds
2025-01-12 14:46:23,246 [INFO] Message 77/100 created in 0.169 seconds
2025-01-12 14:46:23,418 [INFO] Message 78/100 created in 0.171 seconds
2025-01-12 14:46:23,662 [INFO] Message 79/100 created in 0.244 seconds
2025-01-12 14:46:23,855 [INFO] Message 80/100 created in 0.193 seconds
2025-01-12 14:46:24,022 [INFO] Message 81/100 created in 0.165 seconds
2025-01-12 14:46:24,192 [INFO] Message 82/100 created in 0.170 seconds
2025-01-12 14:46:24,428 [INFO] Message 83/100 created in 0.236 seconds
2025-01-12 14:46:24,611 [INFO] Message 84/100 created in 0.182 seconds
2025-01-12 14:46:24,784 [INFO] Message 85/100 created in 0.174 seconds
2025-01-12 14:46:24,980 [INFO] Message 86/100 created in 0.195 seconds
2025-01-12 14:46:25,140 [INFO] Message 87/100 created in 0.160 seconds
2025-01-12 14:46:25,310 [INFO] Message 88/100 created in 0.170 seconds
2025-01-12 14:46:25,477 [INFO] Message 89/100 created in 0.167 seconds
2025-01-12 14:46:25,657 [INFO] Message 90/100 created in 0.179 seconds
2025-01-12 14:46:25,820 [INFO] Message 91/100 created in 0.163 seconds
2025-01-12 14:46:25,999 [INFO] Message 92/100 created in 0.178 seconds
2025-01-12 14:46:26,175 [INFO] Message 93/100 created in 0.176 seconds
2025-01-12 14:46:26,358 [INFO] Message 94/100 created in 0.183 seconds
2025-01-12 14:46:26,542 [INFO] Message 95/100 created in 0.183 seconds
2025-01-12 14:46:26,715 [INFO] Message 96/100 created in 0.172 seconds
2025-01-12 14:46:26,881 [INFO] Message 97/100 created in 0.167 seconds
2025-01-12 14:46:27,110 [INFO] Message 98/100 created in 0.229 seconds
2025-01-12 14:46:27,286 [INFO] Message 99/100 created in 0.176 seconds
2025-01-12 14:46:27,462 [INFO] Message 100/100 created in 0.175 seconds
2025-01-12 14:46:27,463 [INFO] Performance Test Results:
2025-01-12 14:46:27,463 [INFO] Total messages created: 100
2025-01-12 14:46:27,463 [INFO] Average creation time: 0.182 seconds
2025-01-12 14:46:27,463 [INFO] Minimum creation time: 0.158 seconds
2025-01-12 14:46:27,463 [INFO] Maximum creation time: 0.276 seconds
2025-01-12 14:46:27,463 [INFO] Messages per second: 5.49
